e:\21107\desktop\deskpet\build\deskpet-windows.dir\debug\vc145.pdb
e:\21107\desktop\deskpet\build\deskpet-windows.dir\debug\animation.obj
e:\21107\desktop\deskpet\build\deskpet-windows.dir\debug\game.obj
e:\21107\desktop\deskpet\build\deskpet-windows.dir\debug\main.obj
e:\21107\desktop\deskpet\build\deskpet-windows.dir\debug\pet.obj
e:\21107\desktop\deskpet\build\cmakefiles\generate.stamp
e:\21107\desktop\deskpet\build\deskpet-windows.dir\debug\deskpet-windows.ilk
e:\21107\desktop\deskpet\deskpet-windows.pdb
e:\21107\desktop\deskpet\build\deskpet-windows.dir\debug\deskpet-windows.tlog\cl.command.1.tlog
e:\21107\desktop\deskpet\build\deskpet-windows.dir\debug\deskpet-windows.tlog\cl.items.tlog
e:\21107\desktop\deskpet\build\deskpet-windows.dir\debug\deskpet-windows.tlog\cl.read.1.tlog
e:\21107\desktop\deskpet\build\deskpet-windows.dir\debug\deskpet-windows.tlog\cl.write.1.tlog
e:\21107\desktop\deskpet\build\deskpet-windows.dir\debug\deskpet-windows.tlog\custombuild.command.1.tlog
e:\21107\desktop\deskpet\build\deskpet-windows.dir\debug\deskpet-windows.tlog\custombuild.read.1.tlog
e:\21107\desktop\deskpet\build\deskpet-windows.dir\debug\deskpet-windows.tlog\custombuild.write.1.tlog
e:\21107\desktop\deskpet\build\deskpet-windows.dir\debug\deskpet-windows.tlog\link-cvtres.read.1.tlog
e:\21107\desktop\deskpet\build\deskpet-windows.dir\debug\deskpet-windows.tlog\link-cvtres.write.1.tlog
e:\21107\desktop\deskpet\build\deskpet-windows.dir\debug\deskpet-windows.tlog\link-rc.read.1.tlog
e:\21107\desktop\deskpet\build\deskpet-windows.dir\debug\deskpet-windows.tlog\link-rc.write.1.tlog
e:\21107\desktop\deskpet\build\deskpet-windows.dir\debug\deskpet-windows.tlog\link.23820-cvtres.read.1.tlog
e:\21107\desktop\deskpet\build\deskpet-windows.dir\debug\deskpet-windows.tlog\link.23820-cvtres.write.1.tlog
e:\21107\desktop\deskpet\build\deskpet-windows.dir\debug\deskpet-windows.tlog\link.23820-rc.read.1.tlog
e:\21107\desktop\deskpet\build\deskpet-windows.dir\debug\deskpet-windows.tlog\link.23820-rc.write.1.tlog
e:\21107\desktop\deskpet\build\deskpet-windows.dir\debug\deskpet-windows.tlog\link.23820.read.1.tlog
e:\21107\desktop\deskpet\build\deskpet-windows.dir\debug\deskpet-windows.tlog\link.23820.read.2.tlog
e:\21107\desktop\deskpet\build\deskpet-windows.dir\debug\deskpet-windows.tlog\link.23820.read.3.tlog
e:\21107\desktop\deskpet\build\deskpet-windows.dir\debug\deskpet-windows.tlog\link.23820.read.4.tlog
e:\21107\desktop\deskpet\build\deskpet-windows.dir\debug\deskpet-windows.tlog\link.23820.read.5.tlog
e:\21107\desktop\deskpet\build\deskpet-windows.dir\debug\deskpet-windows.tlog\link.23820.write.1.tlog
e:\21107\desktop\deskpet\build\deskpet-windows.dir\debug\deskpet-windows.tlog\link.command.1.tlog
e:\21107\desktop\deskpet\build\deskpet-windows.dir\debug\deskpet-windows.tlog\link.read.1.tlog
e:\21107\desktop\deskpet\build\deskpet-windows.dir\debug\deskpet-windows.tlog\link.read.2.tlog
e:\21107\desktop\deskpet\build\deskpet-windows.dir\debug\deskpet-windows.tlog\link.read.3.tlog
e:\21107\desktop\deskpet\build\deskpet-windows.dir\debug\deskpet-windows.tlog\link.read.4.tlog
e:\21107\desktop\deskpet\build\deskpet-windows.dir\debug\deskpet-windows.tlog\link.read.5.tlog
e:\21107\desktop\deskpet\build\deskpet-windows.dir\debug\deskpet-windows.tlog\link.secondary.1.tlog
e:\21107\desktop\deskpet\build\deskpet-windows.dir\debug\deskpet-windows.tlog\link.write.1.tlog
